TN:
SF:src/Kernel.sol
FN:35,Kernel.initialize
FNDA:0,Kernel.initialize
DA:36,0
DA:37,0
BRDA:37,0,0,-
BRDA:37,0,1,-
DA:38,0
DA:40,0
FN:47,Kernel.queryPlugin
FNDA:0,Kernel.queryPlugin
DA:48,0
DA:49,0
BRDA:49,1,0,-
BRDA:49,1,1,-
DA:50,0
FN:64,Kernel.executeAndRevert
FNDA:0,Kernel.executeAndRevert
DA:65,0
BRDA:65,2,0,-
BRDA:65,2,1,-
DA:66,0
DA:68,0
DA:69,0
DA:70,0
BRDA:70,3,0,-
BRDA:70,3,1,-
DA:71,0
DA:73,0
DA:75,0
BRDA:75,4,0,-
BRDA:75,4,1,-
FN:88,Kernel.validateUserOp
FNDA:0,Kernel.validateUserOp
DA:92,0
BRDA:92,5,0,-
BRDA:92,5,1,-
DA:93,0
DA:95,0
BRDA:95,6,0,-
BRDA:95,6,1,-
DA:96,0
DA:97,0
BRDA:97,7,0,-
BRDA:97,7,1,-
DA:99,0
DA:100,0
DA:101,0
DA:102,0
DA:103,0
DA:104,0
DA:118,0
DA:119,0
BRDA:119,8,0,-
BRDA:119,8,1,-
DA:120,0
DA:122,0
DA:123,0
DA:124,0
BRDA:124,9,0,-
BRDA:124,9,1,-
DA:125,0
DA:127,0
DA:129,0
DA:131,0
BRDA:131,10,0,-
BRDA:131,10,1,-
DA:133,0
DA:135,0
FN:139,Kernel._validateUserOp
FNDA:0,Kernel._validateUserOp
DA:144,0
DA:145,0
BRDA:145,11,0,-
BRDA:145,11,1,-
DA:146,0
DA:149,0
DA:150,0
DA:151,0
BRDA:151,12,0,-
BRDA:151,12,1,-
DA:152,0
FN:159,Kernel._delegateToPlugin
FNDA:0,Kernel._delegateToPlugin
DA:165,0
DA:166,0
DA:167,0
DA:168,0
BRDA:168,13,0,-
BRDA:168,13,1,-
DA:173,0
FN:180,Kernel.isValidSignature
FNDA:0,Kernel.isValidSignature
DA:181,0
DA:182,0
BRDA:182,14,0,-
BRDA:182,14,1,-
DA:183,0
DA:185,0
DA:186,0
DA:188,0
BRDA:188,15,0,-
BRDA:188,15,1,-
DA:189,0
DA:191,0
FNF:7
FNH:0
LF:58
LH:0
BRF:32
BRH:0
end_of_record
TN:
SF:src/KernelFactory.sol
FN:17,KernelFactory.createAccount
FNDA:0,KernelFactory.createAccount
DA:18,0
DA:19,0
DA:28,0
BRDA:28,0,0,-
BRDA:28,0,1,-
DA:29,0
DA:31,0
DA:33,0
FN:36,KernelFactory.getAccountAddress
FNDA:0,KernelFactory.getAccountAddress
DA:37,0
DA:38,0
FNF:2
FNH:0
LF:8
LH:0
BRF:2
BRH:0
end_of_record
TN:
SF:src/abstract/Compatibility.sol
FN:7,Compatibility.onERC721Received
FNDA:0,Compatibility.onERC721Received
DA:8,0
FN:11,Compatibility.onERC1155Received
FNDA:0,Compatibility.onERC1155Received
DA:12,0
FN:15,Compatibility.onERC1155BatchReceived
FNDA:0,Compatibility.onERC1155BatchReceived
DA:20,0
FNF:3
FNH:0
LF:3
LH:0
BRF:0
BRH:0
end_of_record
TN:
SF:src/abstract/KernelStorage.sol
FN:35,KernelStorage.getKernelStorage
FNDA:0,KernelStorage.getKernelStorage
DA:36,0
DA:38,0
FN:42,KernelStorage.getOwner
FNDA:0,KernelStorage.getOwner
DA:43,0
FN:46,KernelStorage.upgradeTo
FNDA:0,KernelStorage.upgradeTo
DA:47,0
DA:51,0
FN:54,KernelStorage.transferOwnership
FNDA:0,KernelStorage.transferOwnership
DA:55,0
FN:58,KernelStorage.getNonce
FNDA:0,KernelStorage.getNonce
DA:59,0
FN:62,KernelStorage.getNonce
FNDA:0,KernelStorage.getNonce
DA:63,0
FNF:6
FNH:0
LF:8
LH:0
BRF:0
BRH:0
end_of_record
TN:
SF:src/factory/EIP1967Proxy.sol
FN:31,EIP1967Proxy.
FNDA:0,EIP1967Proxy.
DA:32,0
FN:53,EIP1967Proxy._implementation
FNDA:0,EIP1967Proxy._implementation
DA:54,0
DA:56,0
FNF:2
FNH:0
LF:3
LH:0
BRF:0
BRH:0
end_of_record
TN:
SF:src/plugin/ZeroDevBasePlugin.sol
FN:14,ZeroDevBasePlugin.validatePluginData
FNDA:0,ZeroDevBasePlugin.validatePluginData
DA:20,0
DA:21,0
FN:31,ZeroDevBasePlugin.parseDataAndSignature
FNDA:0,ZeroDevBasePlugin.parseDataAndSignature
DA:36,0
DA:37,0
DA:38,0
DA:39,0
DA:40,0
DA:41,0
DA:43,0
BRDA:43,0,0,-
BRDA:43,0,1,-
DA:44,0
DA:46,0
BRDA:46,1,0,-
BRDA:46,1,1,-
DA:47,0
FNF:2
FNH:0
LF:12
LH:0
BRF:4
BRH:0
end_of_record
TN:
SF:src/plugin/ZeroDevSessionKeyPlugin.sol
FN:35,ZeroDevSessionKeyPlugin.getPolicyStorage
FNDA:0,ZeroDevSessionKeyPlugin.getPolicyStorage
DA:36,0
DA:38,0
FN:43,ZeroDevSessionKeyPlugin.revokeSessionKey
FNDA:0,ZeroDevSessionKeyPlugin.revokeSessionKey
DA:44,0
DA:45,0
FN:48,ZeroDevSessionKeyPlugin.revoked
FNDA:0,ZeroDevSessionKeyPlugin.revoked
DA:49,0
FN:52,ZeroDevSessionKeyPlugin._validatePluginData
FNDA:0,ZeroDevSessionKeyPlugin._validatePluginData
DA:58,0
DA:59,0
BRDA:59,0,0,-
BRDA:59,0,1,-
DA:60,0
DA:62,0
DA:63,0
BRDA:63,1,0,-
BRDA:63,1,1,-
DA:65,0
DA:67,0
DA:68,0
DA:69,0
DA:70,0
BRDA:70,2,0,-
BRDA:70,2,1,-
DA:71,0
DA:72,0
DA:73,0
BRDA:73,3,0,-
BRDA:73,3,1,-
DA:74,0
DA:76,0
DA:77,0
BRDA:77,4,0,-
BRDA:77,4,1,-
DA:78,0
DA:79,0
DA:80,0
BRDA:80,5,0,-
BRDA:80,5,1,-
DA:81,0
DA:83,0
DA:84,0
DA:85,0
BRDA:85,6,0,-
BRDA:85,6,1,-
DA:86,0
DA:88,0
DA:90,0
BRDA:90,7,0,-
BRDA:90,7,1,-
DA:91,0
DA:94,0
DA:103,0
DA:104,0
BRDA:104,8,0,-
BRDA:104,8,1,-
DA:105,0
DA:107,0
FNF:4
FNH:0
LF:37
LH:0
BRF:18
BRH:0
end_of_record
TN:
SF:src/test/TestCounter.sol
FN:6,TestCounter.increment
FNDA:0,TestCounter.increment
DA:7,0
FNF:1
FNH:0
LF:1
LH:0
BRF:0
BRH:0
end_of_record
TN:
SF:src/utils/Exec.sol
FN:15,Exec.call
FNDA:0,Exec.call
DA:20,0
DA:26,0
FN:30,Exec.staticcall
FNDA:0,Exec.staticcall
DA:32,0
DA:38,0
FN:42,Exec.delegateCall
FNDA:0,Exec.delegateCall
DA:44,0
DA:50,0
FNF:3
FNH:0
LF:6
LH:0
BRF:0
BRH:0
end_of_record
